{"/home/dongwon/Projects/marvel-outside/backend/src/generated/prisma/client.ts": {"path":"/home/dongwon/Projects/marvel-outside/backend/src/generated/prisma/client.ts","statementMap":{"0":{"start":{"line":17,"column":0},"end":{"line":17,"column":42}},"1":{"start":{"line":18,"column":0},"end":{"line":18,"column":52}},"2":{"start":{"line":37,"column":9},"end":{"line":37,"column":15}},"3":{"start":{"line":20,"column":0},"end":{"line":20,"column":33}},"4":{"start":{"line":21,"column":0},"end":{"line":21,"column":23}},"5":{"start":{"line":35,"column":13},"end":{"line":35,"column":null}}},"fnMap":{},"branchMap":{},"s":{"0":1,"1":1,"2":1,"3":1,"4":1,"5":1},"f":{},"b":{}}
,"/home/dongwon/Projects/marvel-outside/backend/src/generated/prisma/internal/class.ts": {"path":"/home/dongwon/Projects/marvel-outside/backend/src/generated/prisma/internal/class.ts","statementMap":{"0":{"start":{"line":217,"column":0},"end":{"line":217,"column":16}},"1":{"start":{"line":13,"column":0},"end":{"line":13,"column":56}},"2":{"start":{"line":17,"column":46},"end":{"line":28,"column":null}},"3":{"start":{"line":30,"column":0},"end":{"line":30,"column":null}},"4":{"start":{"line":33,"column":21},"end":{"line":33,"column":48}},"5":{"start":{"line":34,"column":20},"end":{"line":34,"column":53}},"6":{"start":{"line":35,"column":2},"end":{"line":35,"column":null}},"7":{"start":{"line":38,"column":0},"end":{"line":45,"column":null}},"8":{"start":{"line":39,"column":26},"end":{"line":39,"column":96}},"9":{"start":{"line":42,"column":21},"end":{"line":42,"column":103}},"10":{"start":{"line":43,"column":4},"end":{"line":43,"column":null}},"11":{"start":{"line":218,"column":2},"end":{"line":218,"column":null}}},"fnMap":{"0":{"name":"decodeBase64AsWasm","decl":{"start":{"line":32,"column":15},"end":{"line":32,"column":33}},"loc":{"start":{"line":32,"column":52},"end":{"line":36,"column":1}}},"1":{"name":"(anonymous_1)","decl":{"start":{"line":33,"column":21},"end":{"line":33,"column":34}},"loc":{"start":{"line":33,"column":21},"end":{"line":33,"column":48}}},"2":{"name":"(anonymous_2)","decl":{"start":{"line":39,"column":14},"end":{"line":39,"column":19}},"loc":{"start":{"line":39,"column":26},"end":{"line":39,"column":96}}},"3":{"name":"(anonymous_3)","decl":{"start":{"line":39,"column":26},"end":{"line":39,"column":39}},"loc":{"start":{"line":39,"column":26},"end":{"line":39,"column":96}}},"4":{"name":"(anonymous_4)","decl":{"start":{"line":41,"column":30},"end":{"line":41,"column":35}},"loc":{"start":{"line":41,"column":41},"end":{"line":44,"column":3}}},"5":{"name":"(anonymous_5)","decl":{"start":{"line":42,"column":21},"end":{"line":42,"column":34}},"loc":{"start":{"line":42,"column":21},"end":{"line":42,"column":103}}},"6":{"name":"getPrismaClientClass","decl":{"start":{"line":217,"column":16},"end":{"line":217,"column":36}},"loc":{"start":{"line":217,"column":36},"end":{"line":219,"column":1}}}},"branchMap":{},"s":{"0":1,"1":1,"2":1,"3":1,"4":0,"5":0,"6":0,"7":1,"8":0,"9":0,"10":0,"11":1},"f":{"0":0,"1":0,"2":0,"3":0,"4":0,"5":0,"6":1},"b":{}}
,"/home/dongwon/Projects/marvel-outside/backend/src/generated/prisma/internal/prismaNamespace.ts": {"path":"/home/dongwon/Projects/marvel-outside/backend/src/generated/prisma/internal/prismaNamespace.ts","statementMap":{"0":{"start":{"line":17,"column":0},"end":{"line":17,"column":56}},"1":{"start":{"line":31,"column":13},"end":{"line":31,"column":null}},"2":{"start":{"line":34,"column":13},"end":{"line":34,"column":null}},"3":{"start":{"line":37,"column":13},"end":{"line":37,"column":null}},"4":{"start":{"line":40,"column":13},"end":{"line":40,"column":null}},"5":{"start":{"line":43,"column":13},"end":{"line":43,"column":null}},"6":{"start":{"line":49,"column":13},"end":{"line":49,"column":null}},"7":{"start":{"line":50,"column":13},"end":{"line":50,"column":null}},"8":{"start":{"line":51,"column":13},"end":{"line":51,"column":null}},"9":{"start":{"line":52,"column":13},"end":{"line":52,"column":null}},"10":{"start":{"line":53,"column":13},"end":{"line":53,"column":null}},"11":{"start":{"line":61,"column":13},"end":{"line":61,"column":null}},"12":{"start":{"line":70,"column":13},"end":{"line":70,"column":null}},"13":{"start":{"line":85,"column":13},"end":{"line":88,"column":null}},"14":{"start":{"line":103,"column":13},"end":{"line":107,"column":null}},"15":{"start":{"line":113,"column":13},"end":{"line":113,"column":null}},"16":{"start":{"line":120,"column":13},"end":{"line":120,"column":null}},"17":{"start":{"line":127,"column":13},"end":{"line":127,"column":null}},"18":{"start":{"line":385,"column":13},"end":{"line":390,"column":null}},"19":{"start":{"line":734,"column":13},"end":{"line":739,"column":null}},"20":{"start":{"line":744,"column":13},"end":{"line":751,"column":null}},"21":{"start":{"line":756,"column":13},"end":{"line":760,"column":null}},"22":{"start":{"line":765,"column":13},"end":{"line":773,"column":null}},"23":{"start":{"line":778,"column":13},"end":{"line":783,"column":null}},"24":{"start":{"line":788,"column":13},"end":{"line":791,"column":null}},"25":{"start":{"line":796,"column":13},"end":{"line":799,"column":null}},"26":{"start":{"line":804,"column":13},"end":{"line":807,"column":null}},"27":{"start":{"line":873,"column":13},"end":{"line":873,"column":null}}},"fnMap":{},"branchMap":{},"s":{"0":1,"1":1,"2":1,"3":1,"4":1,"5":1,"6":1,"7":1,"8":1,"9":1,"10":1,"11":1,"12":1,"13":1,"14":1,"15":1,"16":1,"17":1,"18":1,"19":1,"20":1,"21":1,"22":1,"23":1,"24":1,"25":1,"26":1,"27":1},"f":{},"b":{}}
,"/home/dongwon/Projects/marvel-outside/backend/src/prisma/prisma.service.ts": {"path":"/home/dongwon/Projects/marvel-outside/backend/src/prisma/prisma.service.ts","statementMap":{"0":{"start":{"line":1,"column":0},"end":{"line":1,"column":44}},"1":{"start":{"line":2,"column":0},"end":{"line":2,"column":47}},"2":{"start":{"line":3,"column":0},"end":{"line":3,"column":46}},"3":{"start":{"line":5,"column":0},"end":{"line":5,"column":58}},"4":{"start":{"line":8,"column":7},"end":{"line":19,"column":null}},"5":{"start":{"line":10,"column":24},"end":{"line":10,"column":65}},"6":{"start":{"line":11,"column":4},"end":{"line":13,"column":5}},"7":{"start":{"line":12,"column":6},"end":{"line":12,"column":78}},"8":{"start":{"line":14,"column":20},"end":{"line":16,"column":6}},"9":{"start":{"line":17,"column":4},"end":{"line":17,"column":23}},"10":{"start":{"line":9,"column":22},"end":{"line":9,"column":37}},"11":{"start":{"line":8,"column":13},"end":{"line":8,"column":26}},"12":{"start":{"line":8,"column":13},"end":{"line":19,"column":null}}},"fnMap":{"0":{"name":"(anonymous_2)","decl":{"start":{"line":9,"column":2},"end":{"line":9,"column":22}},"loc":{"start":{"line":9,"column":50},"end":{"line":18,"column":3}}}},"branchMap":{"0":{"loc":{"start":{"line":11,"column":4},"end":{"line":13,"column":5}},"type":"if","locations":[{"start":{"line":11,"column":4},"end":{"line":13,"column":5}},{"start":{},"end":{}}]}},"s":{"0":1,"1":1,"2":1,"3":1,"4":1,"5":0,"6":0,"7":0,"8":0,"9":0,"10":0,"11":1,"12":1},"f":{"0":0},"b":{"0":[0,0]}}
,"/home/dongwon/Projects/marvel-outside/backend/src/user/user.service.ts": {"path":"/home/dongwon/Projects/marvel-outside/backend/src/user/user.service.ts","statementMap":{"0":{"start":{"line":1,"column":0},"end":{"line":1,"column":63}},"1":{"start":{"line":2,"column":0},"end":{"line":2,"column":52}},"2":{"start":{"line":3,"column":0},"end":{"line":3,"column":33}},"3":{"start":{"line":5,"column":0},"end":{"line":5,"column":57}},"4":{"start":{"line":10,"column":0},"end":{"line":10,"column":58}},"5":{"start":{"line":12,"column":7},"end":{"line":95,"column":null}},"6":{"start":{"line":13,"column":22},"end":{"line":13,"column":30}},"7":{"start":{"line":18,"column":17},"end":{"line":20,"column":6}},"8":{"start":{"line":21,"column":4},"end":{"line":21,"column":27}},"9":{"start":{"line":21,"column":15},"end":{"line":21,"column":27}},"10":{"start":{"line":22,"column":4},"end":{"line":22,"column":50}},"11":{"start":{"line":26,"column":17},"end":{"line":28,"column":6}},"12":{"start":{"line":29,"column":4},"end":{"line":29,"column":27}},"13":{"start":{"line":29,"column":15},"end":{"line":29,"column":27}},"14":{"start":{"line":30,"column":4},"end":{"line":30,"column":50}},"15":{"start":{"line":34,"column":36},"end":{"line":34,"column":44}},"16":{"start":{"line":35,"column":18},"end":{"line":39,"column":6}},"17":{"start":{"line":40,"column":4},"end":{"line":40,"column":51}},"18":{"start":{"line":45,"column":26},"end":{"line":47,"column":6}},"19":{"start":{"line":48,"column":4},"end":{"line":50,"column":5}},"20":{"start":{"line":49,"column":6},"end":{"line":49,"column":73}},"21":{"start":{"line":51,"column":25},"end":{"line":53,"column":6}},"22":{"start":{"line":54,"column":4},"end":{"line":56,"column":5}},"23":{"start":{"line":55,"column":6},"end":{"line":55,"column":72}},"24":{"start":{"line":57,"column":38},"end":{"line":57,"column":51}},"25":{"start":{"line":58,"column":27},"end":{"line":58,"column":58}},"26":{"start":{"line":60,"column":17},"end":{"line":66,"column":6}},"27":{"start":{"line":67,"column":4},"end":{"line":67,"column":50}},"28":{"start":{"line":71,"column":39},"end":{"line":71,"column":52}},"29":{"start":{"line":73,"column":41},"end":{"line":75,"column":6}},"30":{"start":{"line":77,"column":4},"end":{"line":79,"column":5}},"31":{"start":{"line":78,"column":6},"end":{"line":78,"column":60}},"32":{"start":{"line":81,"column":17},"end":{"line":84,"column":6}},"33":{"start":{"line":85,"column":4},"end":{"line":85,"column":50}},"34":{"start":{"line":89,"column":17},"end":{"line":92,"column":6}},"35":{"start":{"line":93,"column":4},"end":{"line":93,"column":50}},"36":{"start":{"line":12,"column":13},"end":{"line":12,"column":24}},"37":{"start":{"line":12,"column":13},"end":{"line":95,"column":null}}},"fnMap":{"0":{"name":"(anonymous_2)","decl":{"start":{"line":13,"column":2},"end":{"line":13,"column":22}},"loc":{"start":{"line":13,"column":43},"end":{"line":13,"column":47}}},"1":{"name":"(anonymous_3)","decl":{"start":{"line":15,"column":2},"end":{"line":15,"column":7}},"loc":{"start":{"line":16,"column":53},"end":{"line":23,"column":3}}},"2":{"name":"(anonymous_4)","decl":{"start":{"line":25,"column":2},"end":{"line":25,"column":7}},"loc":{"start":{"line":25,"column":30},"end":{"line":31,"column":3}}},"3":{"name":"(anonymous_5)","decl":{"start":{"line":33,"column":2},"end":{"line":33,"column":7}},"loc":{"start":{"line":33,"column":43},"end":{"line":41,"column":3}}},"4":{"name":"(anonymous_6)","decl":{"start":{"line":43,"column":2},"end":{"line":43,"column":7}},"loc":{"start":{"line":43,"column":47},"end":{"line":68,"column":3}}},"5":{"name":"(anonymous_7)","decl":{"start":{"line":70,"column":2},"end":{"line":70,"column":7}},"loc":{"start":{"line":70,"column":59},"end":{"line":86,"column":3}}},"6":{"name":"(anonymous_8)","decl":{"start":{"line":88,"column":2},"end":{"line":88,"column":7}},"loc":{"start":{"line":88,"column":29},"end":{"line":94,"column":3}}}},"branchMap":{"0":{"loc":{"start":{"line":21,"column":4},"end":{"line":21,"column":27}},"type":"if","locations":[{"start":{"line":21,"column":4},"end":{"line":21,"column":27}},{"start":{},"end":{}}]},"1":{"loc":{"start":{"line":29,"column":4},"end":{"line":29,"column":27}},"type":"if","locations":[{"start":{"line":29,"column":4},"end":{"line":29,"column":27}},{"start":{},"end":{}}]},"2":{"loc":{"start":{"line":38,"column":15},"end":{"line":38,"column":57}},"type":"cond-expr","locations":[{"start":{"line":38,"column":25},"end":{"line":38,"column":45}},{"start":{"line":38,"column":48},"end":{"line":38,"column":57}}]},"3":{"loc":{"start":{"line":48,"column":4},"end":{"line":50,"column":5}},"type":"if","locations":[{"start":{"line":48,"column":4},"end":{"line":50,"column":5}},{"start":{},"end":{}}]},"4":{"loc":{"start":{"line":54,"column":4},"end":{"line":56,"column":5}},"type":"if","locations":[{"start":{"line":54,"column":4},"end":{"line":56,"column":5}},{"start":{},"end":{}}]},"5":{"loc":{"start":{"line":77,"column":4},"end":{"line":79,"column":5}},"type":"if","locations":[{"start":{"line":77,"column":4},"end":{"line":79,"column":5}},{"start":{},"end":{}}]}},"s":{"0":1,"1":1,"2":1,"3":1,"4":1,"5":1,"6":1,"7":0,"8":0,"9":0,"10":0,"11":0,"12":0,"13":0,"14":0,"15":0,"16":0,"17":0,"18":2,"19":2,"20":1,"21":1,"22":1,"23":0,"24":1,"25":1,"26":0,"27":0,"28":0,"29":0,"30":0,"31":0,"32":0,"33":0,"34":0,"35":0,"36":1,"37":1},"f":{"0":1,"1":0,"2":0,"3":0,"4":2,"5":0,"6":0},"b":{"0":[0,0],"1":[0,0],"2":[0,0],"3":[1,1],"4":[0,1],"5":[0,0]}}
,"/home/dongwon/Projects/marvel-outside/backend/src/user/dto/user-response.dto.ts": {"path":"/home/dongwon/Projects/marvel-outside/backend/src/user/dto/user-response.dto.ts","statementMap":{"0":{"start":{"line":1,"column":0},"end":{"line":1,"column":44}},"1":{"start":{"line":14,"column":4},"end":{"line":14,"column":33}},"2":{"start":{"line":3,"column":0},"end":{"line":3,"column":13}},"3":{"start":{"line":11,"column":2},"end":{"line":11,"column":null}}},"fnMap":{"0":{"name":"(anonymous_2)","decl":{"start":{"line":13,"column":2},"end":{"line":13,"column":14}},"loc":{"start":{"line":13,"column":52},"end":{"line":15,"column":3}}}},"branchMap":{"0":{"loc":{"start":{"line":13,"column":14},"end":{"line":13,"column":52}},"type":"default-arg","locations":[{"start":{"line":13,"column":50},"end":{"line":13,"column":52}}]}},"s":{"0":1,"1":0,"2":1,"3":1},"f":{"0":0},"b":{"0":[0]}}
}
