TN:
SF:src/generated/prisma/client.ts
FNF:0
FNH:0
DA:17,1
DA:18,1
DA:20,1
DA:21,1
DA:35,1
DA:37,1
LF:6
LH:6
BRF:0
BRH:0
end_of_record
TN:
SF:src/generated/prisma/internal/class.ts
FN:32,decodeBase64AsWasm
FN:33,(anonymous_1)
FN:39,(anonymous_2)
FN:39,(anonymous_3)
FN:41,(anonymous_4)
FN:42,(anonymous_5)
FN:217,getPrismaClientClass
FNF:7
FNH:1
FNDA:0,decodeBase64AsWasm
FNDA:0,(anonymous_1)
FNDA:0,(anonymous_2)
FNDA:0,(anonymous_3)
FNDA:0,(anonymous_4)
FNDA:0,(anonymous_5)
FNDA:1,getPrismaClientClass
DA:13,1
DA:17,1
DA:30,1
DA:33,0
DA:34,0
DA:35,0
DA:38,1
DA:39,0
DA:42,0
DA:43,0
DA:217,1
DA:218,1
LF:12
LH:6
BRF:0
BRH:0
end_of_record
TN:
SF:src/generated/prisma/internal/prismaNamespace.ts
FNF:0
FNH:0
DA:17,1
DA:31,1
DA:34,1
DA:37,1
DA:40,1
DA:43,1
DA:49,1
DA:50,1
DA:51,1
DA:52,1
DA:53,1
DA:61,1
DA:70,1
DA:85,1
DA:103,1
DA:113,1
DA:120,1
DA:127,1
DA:385,1
DA:734,1
DA:744,1
DA:756,1
DA:765,1
DA:778,1
DA:788,1
DA:796,1
DA:804,1
DA:873,1
LF:28
LH:28
BRF:0
BRH:0
end_of_record
TN:
SF:src/prisma/prisma.service.ts
FN:9,(anonymous_2)
FNF:1
FNH:0
FNDA:0,(anonymous_2)
DA:1,1
DA:2,1
DA:3,1
DA:5,1
DA:8,1
DA:9,0
DA:10,0
DA:11,0
DA:12,0
DA:14,0
DA:17,0
LF:11
LH:5
BRDA:11,0,0,0
BRDA:11,0,1,0
BRF:2
BRH:0
end_of_record
TN:
SF:src/user/user.service.ts
FN:13,(anonymous_2)
FN:15,(anonymous_3)
FN:25,(anonymous_4)
FN:33,(anonymous_5)
FN:43,(anonymous_6)
FN:70,(anonymous_7)
FN:88,(anonymous_8)
FNF:7
FNH:2
FNDA:1,(anonymous_2)
FNDA:0,(anonymous_3)
FNDA:0,(anonymous_4)
FNDA:0,(anonymous_5)
FNDA:2,(anonymous_6)
FNDA:0,(anonymous_7)
FNDA:0,(anonymous_8)
DA:1,1
DA:2,1
DA:3,1
DA:5,1
DA:10,1
DA:12,1
DA:13,1
DA:18,0
DA:21,0
DA:22,0
DA:26,0
DA:29,0
DA:30,0
DA:34,0
DA:35,0
DA:40,0
DA:45,2
DA:48,2
DA:49,1
DA:51,1
DA:54,1
DA:55,0
DA:57,1
DA:58,1
DA:60,0
DA:67,0
DA:71,0
DA:73,0
DA:77,0
DA:78,0
DA:81,0
DA:85,0
DA:89,0
DA:93,0
LF:34
LH:14
BRDA:21,0,0,0
BRDA:21,0,1,0
BRDA:29,1,0,0
BRDA:29,1,1,0
BRDA:38,2,0,0
BRDA:38,2,1,0
BRDA:48,3,0,1
BRDA:48,3,1,1
BRDA:54,4,0,0
BRDA:54,4,1,1
BRDA:77,5,0,0
BRDA:77,5,1,0
BRF:12
BRH:3
end_of_record
TN:
SF:src/user/dto/user-response.dto.ts
FN:13,(anonymous_2)
FNF:1
FNH:0
FNDA:0,(anonymous_2)
DA:1,1
DA:3,1
DA:11,1
DA:14,0
LF:4
LH:3
BRDA:13,0,0,0
BRF:1
BRH:0
end_of_record
